[INFO] [2014-08-20 17:22:55][org.springframework.beans.factory.xml.XmlBeanDefinitionReader]Loading XML bean definitions from class path resource [spring-mybatis.xml]
[INFO] [2014-08-20 17:22:55][org.springframework.context.support.GenericApplicationContext]Refreshing org.springframework.context.support.GenericApplicationContext@2842e3b: startup date [Wed Aug 20 17:22:55 CST 2014]; root of context hierarchy
[INFO] [2014-08-20 17:22:56][org.springframework.beans.factory.config.PropertyPlaceholderConfigurer]Loading properties file from class path resource [jdbc.properties]
[INFO] [2014-08-20 17:22:56][org.springframework.beans.factory.annotation.AutowiredAnnotationBeanPostProcessor]JSR-330 'javax.inject.Inject' annotation found and supported for autowiring
[INFO] [2014-08-20 17:22:57][org.boom.web.TestSpringWithMyBatis]{"age":24,"id":1,"password":"sfasgfaf","userName":"测试"}
[INFO] [2014-08-20 17:22:57][org.springframework.context.support.GenericApplicationContext]Closing org.springframework.context.support.GenericApplicationContext@2842e3b: startup date [Wed Aug 20 17:22:55 CST 2014]; root of context hierarchy
[INFO] [2014-08-20 17:36:46][org.springframework.beans.factory.xml.XmlBeanDefinitionReader]Loading XML bean definitions from class path resource [spring-mybatis.xml]
[INFO] [2014-08-20 17:36:46][org.springframework.context.support.GenericApplicationContext]Refreshing org.springframework.context.support.GenericApplicationContext@321fc493: startup date [Wed Aug 20 17:36:46 CST 2014]; root of context hierarchy
[INFO] [2014-08-20 17:36:46][org.springframework.beans.factory.config.PropertyPlaceholderConfigurer]Loading properties file from class path resource [jdbc.properties]
[INFO] [2014-08-20 17:36:46][org.springframework.beans.factory.annotation.AutowiredAnnotationBeanPostProcessor]JSR-330 'javax.inject.Inject' annotation found and supported for autowiring
[INFO] [2014-08-20 17:36:47][org.boom.web.TestSpringWithMyBatis]{"age":24,"id":1,"password":"sfasgfaf","userName":"??"}
[INFO] [2014-08-20 17:36:47][org.springframework.context.support.GenericApplicationContext]Closing org.springframework.context.support.GenericApplicationContext@321fc493: startup date [Wed Aug 20 17:36:46 CST 2014]; root of context hierarchy
[INFO] [2014-08-20 17:37:46][org.springframework.beans.factory.xml.XmlBeanDefinitionReader]Loading XML bean definitions from class path resource [spring-mybatis.xml]
[INFO] [2014-08-20 17:37:46][org.springframework.context.support.GenericApplicationContext]Refreshing org.springframework.context.support.GenericApplicationContext@68f8fae4: startup date [Wed Aug 20 17:37:46 CST 2014]; root of context hierarchy
[INFO] [2014-08-20 17:37:46][org.springframework.beans.factory.config.PropertyPlaceholderConfigurer]Loading properties file from class path resource [jdbc.properties]
[INFO] [2014-08-20 17:37:46][org.springframework.beans.factory.annotation.AutowiredAnnotationBeanPostProcessor]JSR-330 'javax.inject.Inject' annotation found and supported for autowiring
[INFO] [2014-08-20 17:37:48][org.boom.web.TestSpringWithMyBatis]{"age":24,"id":1,"password":"sfasgfaf","userName":"??"}
[INFO] [2014-08-20 17:37:48][org.springframework.context.support.GenericApplicationContext]Closing org.springframework.context.support.GenericApplicationContext@68f8fae4: startup date [Wed Aug 20 17:37:46 CST 2014]; root of context hierarchy
[INFO] [2014-08-20 17:48:10][org.springframework.beans.factory.xml.XmlBeanDefinitionReader]Loading XML bean definitions from class path resource [spring-mybatis.xml]
[INFO] [2014-08-20 17:48:11][org.springframework.context.support.GenericApplicationContext]Refreshing org.springframework.context.support.GenericApplicationContext@321fc493: startup date [Wed Aug 20 17:48:11 CST 2014]; root of context hierarchy
[INFO] [2014-08-20 17:48:11][org.springframework.beans.factory.config.PropertyPlaceholderConfigurer]Loading properties file from class path resource [jdbc.properties]
[INFO] [2014-08-20 17:48:11][org.springframework.beans.factory.annotation.AutowiredAnnotationBeanPostProcessor]JSR-330 'javax.inject.Inject' annotation found and supported for autowiring
[INFO] [2014-08-20 17:48:12][org.boom.web.TestSpringWithMyBatis]{"age":24,"id":1,"password":"sfasgfaf","userName":"??"}
[INFO] [2014-08-20 17:48:12][org.springframework.context.support.GenericApplicationContext]Closing org.springframework.context.support.GenericApplicationContext@321fc493: startup date [Wed Aug 20 17:48:11 CST 2014]; root of context hierarchy
[INFO] [2014-08-20 17:49:56][org.springframework.beans.factory.xml.XmlBeanDefinitionReader]Loading XML bean definitions from class path resource [spring-mybatis.xml]
[INFO] [2014-08-20 17:49:56][org.springframework.context.support.GenericApplicationContext]Refreshing org.springframework.context.support.GenericApplicationContext@7a4b59dd: startup date [Wed Aug 20 17:49:56 CST 2014]; root of context hierarchy
[INFO] [2014-08-20 17:49:56][org.springframework.beans.factory.config.PropertyPlaceholderConfigurer]Loading properties file from class path resource [jdbc.properties]
[INFO] [2014-08-20 17:49:56][org.springframework.beans.factory.annotation.AutowiredAnnotationBeanPostProcessor]JSR-330 'javax.inject.Inject' annotation found and supported for autowiring
[INFO] [2014-08-20 17:49:57][org.boom.web.TestSpringWithMyBatis]{"age":24,"id":1,"password":"sfasgfaf","userName":"??"}
[INFO] [2014-08-20 17:49:57][org.springframework.context.support.GenericApplicationContext]Closing org.springframework.context.support.GenericApplicationContext@7a4b59dd: startup date [Wed Aug 20 17:49:56 CST 2014]; root of context hierarchy
[INFO] [2014-08-20 17:50:15][org.springframework.beans.factory.xml.XmlBeanDefinitionReader]Loading XML bean definitions from class path resource [spring-mybatis.xml]
[INFO] [2014-08-20 17:50:15][org.springframework.context.support.GenericApplicationContext]Refreshing org.springframework.context.support.GenericApplicationContext@68f8fae4: startup date [Wed Aug 20 17:50:15 CST 2014]; root of context hierarchy
[INFO] [2014-08-20 17:50:15][org.springframework.beans.factory.config.PropertyPlaceholderConfigurer]Loading properties file from class path resource [jdbc.properties]
[INFO] [2014-08-20 17:50:15][org.springframework.beans.factory.annotation.AutowiredAnnotationBeanPostProcessor]JSR-330 'javax.inject.Inject' annotation found and supported for autowiring
[INFO] [2014-08-20 17:50:16][org.boom.web.TestSpringWithMyBatis]{"age":24,"id":1,"password":"sfasgfaf","userName":"??"}
[INFO] [2014-08-20 17:50:16][org.springframework.context.support.GenericApplicationContext]Closing org.springframework.context.support.GenericApplicationContext@68f8fae4: startup date [Wed Aug 20 17:50:15 CST 2014]; root of context hierarchy
[INFO] [2014-08-20 17:52:17][org.springframework.web.context.ContextLoader]Root WebApplicationContext: initialization started
[INFO] [2014-08-20 17:52:17][org.springframework.web.context.support.XmlWebApplicationContext]Refreshing Root WebApplicationContext: startup date [Wed Aug 20 17:52:17 CST 2014]; root of context hierarchy
[INFO] [2014-08-20 17:52:17][org.springframework.beans.factory.xml.XmlBeanDefinitionReader]Loading XML bean definitions from class path resource [spring-mybatis.xml]
[INFO] [2014-08-20 17:52:17][org.springframework.beans.factory.config.PropertyPlaceholderConfigurer]Loading properties file from class path resource [jdbc.properties]
[INFO] [2014-08-20 17:52:18][org.springframework.web.context.ContextLoader]Root WebApplicationContext: initialization completed in 853 ms
[INFO] [2014-08-20 17:52:18][org.springframework.web.servlet.DispatcherServlet]FrameworkServlet 'SpringMVC': initialization started
[INFO] [2014-08-20 17:52:18][org.springframework.web.context.support.XmlWebApplicationContext]Refreshing WebApplicationContext for namespace 'SpringMVC-servlet': startup date [Wed Aug 20 17:52:18 CST 2014]; parent: Root WebApplicationContext
[INFO] [2014-08-20 17:52:18][org.springframework.beans.factory.xml.XmlBeanDefinitionReader]Loading XML bean definitions from class path resource [spring-mvc.xml]
[INFO] [2014-08-20 17:52:19][org.springframework.web.servlet.DispatcherServlet]FrameworkServlet 'SpringMVC': initialization completed in 624 ms
[WARN] [2014-08-20 17:54:26][org.springframework.web.servlet.PageNotFound]No mapping found for HTTP request with URI [/web-template/] in DispatcherServlet with name 'SpringMVC'
[WARN] [2014-08-20 17:54:34][org.springframework.web.servlet.PageNotFound]No mapping found for HTTP request with URI [/web-template/index] in DispatcherServlet with name 'SpringMVC'
[WARN] [2014-08-20 17:54:40][org.springframework.web.servlet.PageNotFound]No mapping found for HTTP request with URI [/web-template/index.html] in DispatcherServlet with name 'SpringMVC'
[WARN] [2014-08-20 17:54:46][org.springframework.web.servlet.PageNotFound]No mapping found for HTTP request with URI [/web-template/] in DispatcherServlet with name 'SpringMVC'
[WARN] [2014-08-20 17:55:33][org.springframework.web.servlet.PageNotFound]No mapping found for HTTP request with URI [/web-template/] in DispatcherServlet with name 'SpringMVC'
[WARN] [2014-08-20 17:55:40][org.springframework.web.servlet.PageNotFound]No mapping found for HTTP request with URI [/web-template/index] in DispatcherServlet with name 'SpringMVC'
[WARN] [2014-08-20 17:55:43][org.springframework.web.servlet.PageNotFound]No mapping found for HTTP request with URI [/web-template/index/] in DispatcherServlet with name 'SpringMVC'
[INFO] [2014-08-20 17:56:05][org.springframework.web.context.ContextLoader]Root WebApplicationContext: initialization started
[INFO] [2014-08-20 17:56:05][org.springframework.web.context.support.XmlWebApplicationContext]Refreshing Root WebApplicationContext: startup date [Wed Aug 20 17:56:05 CST 2014]; root of context hierarchy
[INFO] [2014-08-20 17:56:05][org.springframework.beans.factory.xml.XmlBeanDefinitionReader]Loading XML bean definitions from class path resource [spring-mybatis.xml]
[INFO] [2014-08-20 17:56:05][org.springframework.beans.factory.config.PropertyPlaceholderConfigurer]Loading properties file from class path resource [jdbc.properties]
[INFO] [2014-08-20 17:56:06][org.springframework.web.context.ContextLoader]Root WebApplicationContext: initialization completed in 960 ms
[INFO] [2014-08-20 17:56:07][org.springframework.web.servlet.DispatcherServlet]FrameworkServlet 'SpringMVC': initialization started
[INFO] [2014-08-20 17:56:07][org.springframework.web.context.support.XmlWebApplicationContext]Refreshing WebApplicationContext for namespace 'SpringMVC-servlet': startup date [Wed Aug 20 17:56:07 CST 2014]; parent: Root WebApplicationContext
[INFO] [2014-08-20 17:56:07][org.springframework.beans.factory.xml.XmlBeanDefinitionReader]Loading XML bean definitions from class path resource [spring-mvc.xml]
[INFO] [2014-08-20 17:56:07][org.springframework.web.servlet.DispatcherServlet]FrameworkServlet 'SpringMVC': initialization completed in 845 ms
[WARN] [2014-08-20 17:56:37][org.springframework.web.servlet.PageNotFound]No mapping found for HTTP request with URI [/web-template/index] in DispatcherServlet with name 'SpringMVC'
[WARN] [2014-08-20 17:56:40][org.springframework.web.servlet.PageNotFound]No mapping found for HTTP request with URI [/web-template/] in DispatcherServlet with name 'SpringMVC'
[INFO] [2014-08-20 17:57:36][org.springframework.beans.factory.xml.XmlBeanDefinitionReader]Loading XML bean definitions from class path resource [spring-mybatis.xml]
[INFO] [2014-08-20 17:57:37][org.springframework.context.support.GenericApplicationContext]Refreshing org.springframework.context.support.GenericApplicationContext@321fc493: startup date [Wed Aug 20 17:57:37 CST 2014]; root of context hierarchy
[INFO] [2014-08-20 17:57:37][org.springframework.beans.factory.config.PropertyPlaceholderConfigurer]Loading properties file from class path resource [jdbc.properties]
[INFO] [2014-08-20 17:57:37][org.springframework.beans.factory.annotation.AutowiredAnnotationBeanPostProcessor]JSR-330 'javax.inject.Inject' annotation found and supported for autowiring
[INFO] [2014-08-20 17:57:38][org.boom.web.TestSpringWithMyBatis]{"age":24,"id":1,"password":"sfasgfaf","userName":"??"}
[INFO] [2014-08-20 17:57:38][org.springframework.context.support.GenericApplicationContext]Closing org.springframework.context.support.GenericApplicationContext@321fc493: startup date [Wed Aug 20 17:57:37 CST 2014]; root of context hierarchy
[INFO] [2014-08-20 17:58:03][org.springframework.web.context.ContextLoader]Root WebApplicationContext: initialization started
[INFO] [2014-08-20 17:58:03][org.springframework.web.context.support.XmlWebApplicationContext]Refreshing Root WebApplicationContext: startup date [Wed Aug 20 17:58:03 CST 2014]; root of context hierarchy
[INFO] [2014-08-20 17:58:03][org.springframework.beans.factory.xml.XmlBeanDefinitionReader]Loading XML bean definitions from class path resource [spring-mybatis.xml]
[INFO] [2014-08-20 17:58:03][org.springframework.beans.factory.config.PropertyPlaceholderConfigurer]Loading properties file from class path resource [jdbc.properties]
[INFO] [2014-08-20 17:58:04][org.springframework.web.context.ContextLoader]Root WebApplicationContext: initialization completed in 1024 ms
[INFO] [2014-08-20 17:58:04][org.springframework.web.servlet.DispatcherServlet]FrameworkServlet 'SpringMVC': initialization started
[INFO] [2014-08-20 17:58:04][org.springframework.web.context.support.XmlWebApplicationContext]Refreshing WebApplicationContext for namespace 'SpringMVC-servlet': startup date [Wed Aug 20 17:58:04 CST 2014]; parent: Root WebApplicationContext
[INFO] [2014-08-20 17:58:04][org.springframework.beans.factory.xml.XmlBeanDefinitionReader]Loading XML bean definitions from class path resource [spring-mvc.xml]
[INFO] [2014-08-20 17:58:05][org.springframework.web.servlet.DispatcherServlet]FrameworkServlet 'SpringMVC': initialization completed in 891 ms
[WARN] [2014-08-20 17:58:30][org.springframework.web.servlet.PageNotFound]No mapping found for HTTP request with URI [/web-template/] in DispatcherServlet with name 'SpringMVC'
[WARN] [2014-08-20 17:58:41][org.springframework.web.servlet.PageNotFound]No mapping found for HTTP request with URI [/web-template/] in DispatcherServlet with name 'SpringMVC'
[WARN] [2014-08-20 17:59:15][org.springframework.web.servlet.PageNotFound]No mapping found for HTTP request with URI [/web-template/index] in DispatcherServlet with name 'SpringMVC'
[INFO] [2014-08-20 18:00:25][org.springframework.web.context.ContextLoader]Root WebApplicationContext: initialization started
[INFO] [2014-08-20 18:00:25][org.springframework.web.context.support.XmlWebApplicationContext]Refreshing Root WebApplicationContext: startup date [Wed Aug 20 18:00:25 CST 2014]; root of context hierarchy
[INFO] [2014-08-20 18:00:25][org.springframework.beans.factory.xml.XmlBeanDefinitionReader]Loading XML bean definitions from class path resource [spring-mybatis.xml]
[INFO] [2014-08-20 18:00:26][org.springframework.beans.factory.config.PropertyPlaceholderConfigurer]Loading properties file from class path resource [jdbc.properties]
[INFO] [2014-08-20 18:00:26][org.springframework.web.context.ContextLoader]Root WebApplicationContext: initialization completed in 985 ms
[INFO] [2014-08-20 18:00:27][org.springframework.web.servlet.DispatcherServlet]FrameworkServlet 'SpringMVC': initialization started
[INFO] [2014-08-20 18:00:27][org.springframework.web.context.support.XmlWebApplicationContext]Refreshing WebApplicationContext for namespace 'SpringMVC-servlet': startup date [Wed Aug 20 18:00:27 CST 2014]; parent: Root WebApplicationContext
[INFO] [2014-08-20 18:00:27][org.springframework.beans.factory.xml.XmlBeanDefinitionReader]Loading XML bean definitions from class path resource [spring-mvc.xml]
[INFO] [2014-08-20 18:00:27][org.springframework.web.servlet.DispatcherServlet]FrameworkServlet 'SpringMVC': initialization completed in 616 ms
[WARN] [2014-08-20 18:00:36][org.springframework.web.servlet.PageNotFound]No mapping found for HTTP request with URI [/web-template/index.html] in DispatcherServlet with name 'SpringMVC'
[INFO] [2014-08-21 14:09:03][org.springframework.beans.factory.xml.XmlBeanDefinitionReader]Loading XML bean definitions from class path resource [spring-mybatis.xml]
[INFO] [2014-08-21 14:09:04][org.springframework.context.support.GenericApplicationContext]Refreshing org.springframework.context.support.GenericApplicationContext@1ff52524: startup date [Thu Aug 21 14:09:04 CST 2014]; root of context hierarchy
[INFO] [2014-08-21 14:09:04][org.springframework.beans.factory.config.PropertyPlaceholderConfigurer]Loading properties file from class path resource [jdbc.properties]
[INFO] [2014-08-21 14:09:04][org.springframework.beans.factory.annotation.AutowiredAnnotationBeanPostProcessor]JSR-330 'javax.inject.Inject' annotation found and supported for autowiring
[INFO] [2014-08-21 14:09:06][org.boom.web.TestSpringWithMyBatis]{"age":24,"id":1,"password":"sfasgfaf","userName":"??"}
[INFO] [2014-08-21 14:09:06][org.springframework.context.support.GenericApplicationContext]Closing org.springframework.context.support.GenericApplicationContext@1ff52524: startup date [Thu Aug 21 14:09:04 CST 2014]; root of context hierarchy
[INFO] [2014-08-21 16:19:50][org.springframework.web.context.ContextLoader]Root WebApplicationContext: initialization started
[INFO] [2014-08-21 16:19:50][org.springframework.web.context.support.XmlWebApplicationContext]Refreshing Root WebApplicationContext: startup date [Thu Aug 21 16:19:50 CST 2014]; root of context hierarchy
[INFO] [2014-08-21 16:19:50][org.springframework.beans.factory.xml.XmlBeanDefinitionReader]Loading XML bean definitions from class path resource [spring-mybatis.xml]
[INFO] [2014-08-21 16:19:50][org.springframework.beans.factory.config.PropertyPlaceholderConfigurer]Loading properties file from class path resource [jdbc.properties]
[INFO] [2014-08-21 16:19:51][org.springframework.web.context.ContextLoader]Root WebApplicationContext: initialization completed in 1142 ms
[INFO] [2014-08-21 16:19:51][org.springframework.web.servlet.DispatcherServlet]FrameworkServlet 'SpringMVC': initialization started
[INFO] [2014-08-21 16:19:51][org.springframework.web.context.support.XmlWebApplicationContext]Refreshing WebApplicationContext for namespace 'SpringMVC-servlet': startup date [Thu Aug 21 16:19:51 CST 2014]; parent: Root WebApplicationContext
[INFO] [2014-08-21 16:19:51][org.springframework.beans.factory.xml.XmlBeanDefinitionReader]Loading XML bean definitions from class path resource [spring-mvc.xml]
[INFO] [2014-08-21 16:19:52][org.springframework.web.servlet.DispatcherServlet]FrameworkServlet 'SpringMVC': initialization completed in 973 ms
[WARN] [2014-08-21 16:20:20][org.springframework.web.servlet.PageNotFound]No mapping found for HTTP request with URI [/web-template] in DispatcherServlet with name 'SpringMVC'
[WARN] [2014-08-21 16:20:56][org.springframework.web.servlet.PageNotFound]No mapping found for HTTP request with URI [/web-template/index] in DispatcherServlet with name 'SpringMVC'
[INFO] [2014-08-21 16:24:47][org.springframework.web.context.ContextLoader]Root WebApplicationContext: initialization started
[INFO] [2014-08-21 16:24:47][org.springframework.web.context.support.XmlWebApplicationContext]Refreshing Root WebApplicationContext: startup date [Thu Aug 21 16:24:47 CST 2014]; root of context hierarchy
[INFO] [2014-08-21 16:24:47][org.springframework.beans.factory.xml.XmlBeanDefinitionReader]Loading XML bean definitions from class path resource [spring-mybatis.xml]
[INFO] [2014-08-21 16:24:48][org.springframework.beans.factory.config.PropertyPlaceholderConfigurer]Loading properties file from class path resource [jdbc.properties]
[INFO] [2014-08-21 16:24:48][org.springframework.web.context.ContextLoader]Root WebApplicationContext: initialization completed in 1083 ms
[INFO] [2014-08-21 16:24:49][org.springframework.web.servlet.DispatcherServlet]FrameworkServlet 'SpringMVC': initialization started
[INFO] [2014-08-21 16:24:49][org.springframework.web.context.support.XmlWebApplicationContext]Refreshing WebApplicationContext for namespace 'SpringMVC-servlet': startup date [Thu Aug 21 16:24:49 CST 2014]; parent: Root WebApplicationContext
[INFO] [2014-08-21 16:24:49][org.springframework.beans.factory.xml.XmlBeanDefinitionReader]Loading XML bean definitions from class path resource [spring-mvc.xml]
[INFO] [2014-08-21 16:24:49][org.springframework.web.servlet.mvc.annotation.DefaultAnnotationHandlerMapping]Mapped URL path [/user/showUser] onto handler 'userController'
[INFO] [2014-08-21 16:24:49][org.springframework.web.servlet.mvc.annotation.DefaultAnnotationHandlerMapping]Mapped URL path [/user/showUser.*] onto handler 'userController'
[INFO] [2014-08-21 16:24:49][org.springframework.web.servlet.mvc.annotation.DefaultAnnotationHandlerMapping]Mapped URL path [/user/showUser/] onto handler 'userController'
[INFO] [2014-08-21 16:24:50][org.springframework.web.servlet.DispatcherServlet]FrameworkServlet 'SpringMVC': initialization completed in 606 ms
[WARN] [2014-08-21 16:25:18][org.springframework.web.servlet.PageNotFound]No mapping found for HTTP request with URI [/web-template/WEB-INF/jsp/user.jsp] in DispatcherServlet with name 'SpringMVC'
[WARN] [2014-08-21 16:25:41][org.springframework.web.servlet.PageNotFound]No mapping found for HTTP request with URI [/web-template/WEB-INF/jsp/user.jsp] in DispatcherServlet with name 'SpringMVC'
[INFO] [2014-08-21 16:25:58][org.springframework.web.context.ContextLoader]Root WebApplicationContext: initialization started
[INFO] [2014-08-21 16:25:58][org.springframework.web.context.support.XmlWebApplicationContext]Refreshing Root WebApplicationContext: startup date [Thu Aug 21 16:25:58 CST 2014]; root of context hierarchy
[INFO] [2014-08-21 16:25:58][org.springframework.beans.factory.xml.XmlBeanDefinitionReader]Loading XML bean definitions from class path resource [spring-mybatis.xml]
[INFO] [2014-08-21 16:25:58][org.springframework.beans.factory.config.PropertyPlaceholderConfigurer]Loading properties file from class path resource [jdbc.properties]
[INFO] [2014-08-21 16:25:59][org.springframework.web.context.ContextLoader]Root WebApplicationContext: initialization completed in 1055 ms
[INFO] [2014-08-21 16:25:59][org.springframework.web.servlet.DispatcherServlet]FrameworkServlet 'SpringMVC': initialization started
[INFO] [2014-08-21 16:25:59][org.springframework.web.context.support.XmlWebApplicationContext]Refreshing WebApplicationContext for namespace 'SpringMVC-servlet': startup date [Thu Aug 21 16:25:59 CST 2014]; parent: Root WebApplicationContext
[INFO] [2014-08-21 16:25:59][org.springframework.beans.factory.xml.XmlBeanDefinitionReader]Loading XML bean definitions from class path resource [spring-mvc.xml]
[INFO] [2014-08-21 16:25:59][org.springframework.web.servlet.mvc.annotation.DefaultAnnotationHandlerMapping]Mapped URL path [/user/showUser] onto handler 'userController'
[INFO] [2014-08-21 16:25:59][org.springframework.web.servlet.mvc.annotation.DefaultAnnotationHandlerMapping]Mapped URL path [/user/showUser.*] onto handler 'userController'
[INFO] [2014-08-21 16:25:59][org.springframework.web.servlet.mvc.annotation.DefaultAnnotationHandlerMapping]Mapped URL path [/user/showUser/] onto handler 'userController'
[INFO] [2014-08-21 16:25:59][org.springframework.web.servlet.DispatcherServlet]FrameworkServlet 'SpringMVC': initialization completed in 595 ms
[WARN] [2014-08-21 16:26:00][org.springframework.web.servlet.PageNotFound]No mapping found for HTTP request with URI [/web-template/WEB-INF/jsp/show.jsp] in DispatcherServlet with name 'SpringMVC'
[INFO] [2014-08-21 16:27:42][org.springframework.web.context.ContextLoader]Root WebApplicationContext: initialization started
[INFO] [2014-08-21 16:27:42][org.springframework.web.context.support.XmlWebApplicationContext]Refreshing Root WebApplicationContext: startup date [Thu Aug 21 16:27:42 CST 2014]; root of context hierarchy
[INFO] [2014-08-21 16:27:42][org.springframework.beans.factory.xml.XmlBeanDefinitionReader]Loading XML bean definitions from class path resource [spring-mybatis.xml]
[INFO] [2014-08-21 16:27:43][org.springframework.beans.factory.config.PropertyPlaceholderConfigurer]Loading properties file from class path resource [jdbc.properties]
[INFO] [2014-08-21 16:27:43][org.springframework.web.context.ContextLoader]Root WebApplicationContext: initialization completed in 1078 ms
[INFO] [2014-08-21 16:27:43][org.springframework.web.servlet.DispatcherServlet]FrameworkServlet 'SpringMVC': initialization started
[INFO] [2014-08-21 16:27:43][org.springframework.web.context.support.XmlWebApplicationContext]Refreshing WebApplicationContext for namespace 'SpringMVC-servlet': startup date [Thu Aug 21 16:27:43 CST 2014]; parent: Root WebApplicationContext
[INFO] [2014-08-21 16:27:43][org.springframework.beans.factory.xml.XmlBeanDefinitionReader]Loading XML bean definitions from class path resource [spring-mvc.xml]
[INFO] [2014-08-21 16:27:44][org.springframework.web.servlet.mvc.annotation.DefaultAnnotationHandlerMapping]Mapped URL path [/user/showUser] onto handler 'userController'
[INFO] [2014-08-21 16:27:44][org.springframework.web.servlet.mvc.annotation.DefaultAnnotationHandlerMapping]Mapped URL path [/user/showUser.*] onto handler 'userController'
[INFO] [2014-08-21 16:27:44][org.springframework.web.servlet.mvc.annotation.DefaultAnnotationHandlerMapping]Mapped URL path [/user/showUser/] onto handler 'userController'
[INFO] [2014-08-21 16:27:44][org.springframework.web.servlet.DispatcherServlet]FrameworkServlet 'SpringMVC': initialization completed in 965 ms
[WARN] [2014-08-21 16:28:00][org.springframework.web.servlet.PageNotFound]No mapping found for HTTP request with URI [/web-template/index] in DispatcherServlet with name 'SpringMVC'
[WARN] [2014-08-21 16:28:31][org.springframework.web.servlet.PageNotFound]No mapping found for HTTP request with URI [/web-template/index.html] in DispatcherServlet with name 'SpringMVC'
[INFO] [2014-08-21 16:44:02][org.springframework.web.context.ContextLoader]Root WebApplicationContext: initialization started
[INFO] [2014-08-21 16:44:02][org.springframework.web.context.support.XmlWebApplicationContext]Refreshing Root WebApplicationContext: startup date [Thu Aug 21 16:44:02 CST 2014]; root of context hierarchy
[INFO] [2014-08-21 16:44:02][org.springframework.beans.factory.xml.XmlBeanDefinitionReader]Loading XML bean definitions from class path resource [spring-mybatis.xml]
[INFO] [2014-08-21 16:44:02][org.springframework.beans.factory.config.PropertyPlaceholderConfigurer]Loading properties file from class path resource [jdbc.properties]
[INFO] [2014-08-21 16:44:03][org.springframework.web.context.ContextLoader]Root WebApplicationContext: initialization completed in 1045 ms
[INFO] [2014-08-21 16:44:03][org.springframework.web.servlet.DispatcherServlet]FrameworkServlet 'SpringMVC': initialization started
[INFO] [2014-08-21 16:44:03][org.springframework.web.context.support.XmlWebApplicationContext]Refreshing WebApplicationContext for namespace 'SpringMVC-servlet': startup date [Thu Aug 21 16:44:03 CST 2014]; parent: Root WebApplicationContext
[INFO] [2014-08-21 16:44:03][org.springframework.beans.factory.xml.XmlBeanDefinitionReader]Loading XML bean definitions from class path resource [spring-mvc.xml]
[INFO] [2014-08-21 16:44:04][org.springframework.web.servlet.view.velocity.VelocityConfigurer]ClasspathResourceLoader with name 'springMacro' added to configured VelocityEngine
[INFO] [2014-08-21 16:44:05][org.springframework.web.servlet.mvc.annotation.DefaultAnnotationHandlerMapping]Mapped URL path [/user/showUser] onto handler 'userController'
[INFO] [2014-08-21 16:44:05][org.springframework.web.servlet.mvc.annotation.DefaultAnnotationHandlerMapping]Mapped URL path [/user/showUser.*] onto handler 'userController'
[INFO] [2014-08-21 16:44:05][org.springframework.web.servlet.mvc.annotation.DefaultAnnotationHandlerMapping]Mapped URL path [/user/showUser/] onto handler 'userController'
[INFO] [2014-08-21 16:44:05][org.springframework.web.servlet.mvc.annotation.DefaultAnnotationHandlerMapping]Mapped URL path [/user/show] onto handler 'userController'
[INFO] [2014-08-21 16:44:05][org.springframework.web.servlet.mvc.annotation.DefaultAnnotationHandlerMapping]Mapped URL path [/user/show.*] onto handler 'userController'
[INFO] [2014-08-21 16:44:05][org.springframework.web.servlet.mvc.annotation.DefaultAnnotationHandlerMapping]Mapped URL path [/user/show/] onto handler 'userController'
[INFO] [2014-08-21 16:44:05][org.springframework.web.servlet.DispatcherServlet]FrameworkServlet 'SpringMVC': initialization completed in 1297 ms
[INFO] [2014-08-21 16:51:17][org.springframework.web.context.ContextLoader]Root WebApplicationContext: initialization started
[INFO] [2014-08-21 16:51:18][org.springframework.web.context.support.XmlWebApplicationContext]Refreshing Root WebApplicationContext: startup date [Thu Aug 21 16:51:18 CST 2014]; root of context hierarchy
[INFO] [2014-08-21 16:51:18][org.springframework.beans.factory.xml.XmlBeanDefinitionReader]Loading XML bean definitions from class path resource [spring-mybatis.xml]
[INFO] [2014-08-21 16:51:18][org.springframework.beans.factory.config.PropertyPlaceholderConfigurer]Loading properties file from class path resource [jdbc.properties]
[INFO] [2014-08-21 16:51:18][org.springframework.web.context.ContextLoader]Root WebApplicationContext: initialization completed in 1042 ms
[INFO] [2014-08-21 16:51:19][org.springframework.web.servlet.DispatcherServlet]FrameworkServlet 'SpringMVC': initialization started
[INFO] [2014-08-21 16:51:19][org.springframework.web.context.support.XmlWebApplicationContext]Refreshing WebApplicationContext for namespace 'SpringMVC-servlet': startup date [Thu Aug 21 16:51:19 CST 2014]; parent: Root WebApplicationContext
[INFO] [2014-08-21 16:51:19][org.springframework.beans.factory.xml.XmlBeanDefinitionReader]Loading XML bean definitions from class path resource [spring-mvc.xml]
[INFO] [2014-08-21 16:51:20][org.springframework.web.servlet.view.velocity.VelocityConfigurer]ClasspathResourceLoader with name 'springMacro' added to configured VelocityEngine
[INFO] [2014-08-21 16:51:21][org.springframework.web.servlet.mvc.annotation.DefaultAnnotationHandlerMapping]Mapped URL path [/item/show] onto handler 'itemController'
[INFO] [2014-08-21 16:51:21][org.springframework.web.servlet.mvc.annotation.DefaultAnnotationHandlerMapping]Mapped URL path [/item/show.*] onto handler 'itemController'
[INFO] [2014-08-21 16:51:21][org.springframework.web.servlet.mvc.annotation.DefaultAnnotationHandlerMapping]Mapped URL path [/item/show/] onto handler 'itemController'
[INFO] [2014-08-21 16:51:21][org.springframework.web.servlet.mvc.annotation.DefaultAnnotationHandlerMapping]Mapped URL path [/user/show] onto handler 'userController'
[INFO] [2014-08-21 16:51:21][org.springframework.web.servlet.mvc.annotation.DefaultAnnotationHandlerMapping]Mapped URL path [/user/show.*] onto handler 'userController'
[INFO] [2014-08-21 16:51:21][org.springframework.web.servlet.mvc.annotation.DefaultAnnotationHandlerMapping]Mapped URL path [/user/show/] onto handler 'userController'
[INFO] [2014-08-21 16:51:21][org.springframework.web.servlet.mvc.annotation.DefaultAnnotationHandlerMapping]Mapped URL path [/user/showUser] onto handler 'userController'
[INFO] [2014-08-21 16:51:21][org.springframework.web.servlet.mvc.annotation.DefaultAnnotationHandlerMapping]Mapped URL path [/user/showUser.*] onto handler 'userController'
[INFO] [2014-08-21 16:51:21][org.springframework.web.servlet.mvc.annotation.DefaultAnnotationHandlerMapping]Mapped URL path [/user/showUser/] onto handler 'userController'
[INFO] [2014-08-21 16:51:21][org.springframework.web.servlet.DispatcherServlet]FrameworkServlet 'SpringMVC': initialization completed in 1603 ms
[WARN] [2014-08-21 16:51:43][org.springframework.web.servlet.PageNotFound]No mapping found for HTTP request with URI [/web-template/user/item/show] in DispatcherServlet with name 'SpringMVC'
[INFO] [2014-08-21 16:52:15][org.springframework.web.context.ContextLoader]Root WebApplicationContext: initialization started
[INFO] [2014-08-21 16:52:16][org.springframework.web.context.support.XmlWebApplicationContext]Refreshing Root WebApplicationContext: startup date [Thu Aug 21 16:52:16 CST 2014]; root of context hierarchy
[INFO] [2014-08-21 16:52:16][org.springframework.beans.factory.xml.XmlBeanDefinitionReader]Loading XML bean definitions from class path resource [spring-mybatis.xml]
[INFO] [2014-08-21 16:52:16][org.springframework.beans.factory.config.PropertyPlaceholderConfigurer]Loading properties file from class path resource [jdbc.properties]
[INFO] [2014-08-21 16:52:16][org.springframework.web.context.ContextLoader]Root WebApplicationContext: initialization completed in 995 ms
[INFO] [2014-08-21 16:52:17][org.springframework.web.servlet.DispatcherServlet]FrameworkServlet 'SpringMVC': initialization started
[INFO] [2014-08-21 16:52:17][org.springframework.web.context.support.XmlWebApplicationContext]Refreshing WebApplicationContext for namespace 'SpringMVC-servlet': startup date [Thu Aug 21 16:52:17 CST 2014]; parent: Root WebApplicationContext
[INFO] [2014-08-21 16:52:17][org.springframework.beans.factory.xml.XmlBeanDefinitionReader]Loading XML bean definitions from class path resource [spring-mvc.xml]
[INFO] [2014-08-21 16:52:17][org.springframework.web.servlet.view.velocity.VelocityConfigurer]ClasspathResourceLoader with name 'springMacro' added to configured VelocityEngine
[INFO] [2014-08-21 16:52:18][org.springframework.web.servlet.mvc.annotation.DefaultAnnotationHandlerMapping]Mapped URL path [/item/show] onto handler 'itemController'
[INFO] [2014-08-21 16:52:18][org.springframework.web.servlet.mvc.annotation.DefaultAnnotationHandlerMapping]Mapped URL path [/item/show.*] onto handler 'itemController'
[INFO] [2014-08-21 16:52:18][org.springframework.web.servlet.mvc.annotation.DefaultAnnotationHandlerMapping]Mapped URL path [/item/show/] onto handler 'itemController'
[INFO] [2014-08-21 16:52:18][org.springframework.web.servlet.mvc.annotation.DefaultAnnotationHandlerMapping]Mapped URL path [/user/show] onto handler 'userController'
[INFO] [2014-08-21 16:52:18][org.springframework.web.servlet.mvc.annotation.DefaultAnnotationHandlerMapping]Mapped URL path [/user/show.*] onto handler 'userController'
[INFO] [2014-08-21 16:52:18][org.springframework.web.servlet.mvc.annotation.DefaultAnnotationHandlerMapping]Mapped URL path [/user/show/] onto handler 'userController'
[INFO] [2014-08-21 16:52:18][org.springframework.web.servlet.mvc.annotation.DefaultAnnotationHandlerMapping]Mapped URL path [/user/showUser] onto handler 'userController'
[INFO] [2014-08-21 16:52:18][org.springframework.web.servlet.mvc.annotation.DefaultAnnotationHandlerMapping]Mapped URL path [/user/showUser.*] onto handler 'userController'
[INFO] [2014-08-21 16:52:18][org.springframework.web.servlet.mvc.annotation.DefaultAnnotationHandlerMapping]Mapped URL path [/user/showUser/] onto handler 'userController'
[INFO] [2014-08-21 16:52:18][org.springframework.web.servlet.DispatcherServlet]FrameworkServlet 'SpringMVC': initialization completed in 1196 ms
[INFO] [2014-08-21 17:03:42][org.springframework.web.context.ContextLoader]Root WebApplicationContext: initialization started
[INFO] [2014-08-21 17:03:42][org.springframework.web.context.support.XmlWebApplicationContext]Refreshing Root WebApplicationContext: startup date [Thu Aug 21 17:03:42 CST 2014]; root of context hierarchy
[INFO] [2014-08-21 17:03:43][org.springframework.beans.factory.xml.XmlBeanDefinitionReader]Loading XML bean definitions from class path resource [spring-mybatis.xml]
[INFO] [2014-08-21 17:03:43][org.springframework.beans.factory.config.PropertyPlaceholderConfigurer]Loading properties file from class path resource [jdbc.properties]
[INFO] [2014-08-21 17:03:43][org.springframework.web.context.ContextLoader]Root WebApplicationContext: initialization completed in 1084 ms
[INFO] [2014-08-21 17:03:44][org.springframework.web.servlet.DispatcherServlet]FrameworkServlet 'SpringMVC': initialization started
[INFO] [2014-08-21 17:03:44][org.springframework.web.context.support.XmlWebApplicationContext]Refreshing WebApplicationContext for namespace 'SpringMVC-servlet': startup date [Thu Aug 21 17:03:44 CST 2014]; parent: Root WebApplicationContext
[INFO] [2014-08-21 17:03:44][org.springframework.beans.factory.xml.XmlBeanDefinitionReader]Loading XML bean definitions from class path resource [spring-mvc.xml]
[INFO] [2014-08-21 17:03:44][org.springframework.beans.factory.config.PropertyPlaceholderConfigurer]Loading properties file from class path resource [config.properties]
[INFO] [2014-08-21 17:03:45][org.springframework.web.servlet.view.velocity.VelocityConfigurer]ClasspathResourceLoader with name 'springMacro' added to configured VelocityEngine
[INFO] [2014-08-21 17:03:46][org.springframework.web.servlet.mvc.annotation.DefaultAnnotationHandlerMapping]Mapped URL path [/item/show] onto handler 'itemController'
[INFO] [2014-08-21 17:03:46][org.springframework.web.servlet.mvc.annotation.DefaultAnnotationHandlerMapping]Mapped URL path [/item/show.*] onto handler 'itemController'
[INFO] [2014-08-21 17:03:46][org.springframework.web.servlet.mvc.annotation.DefaultAnnotationHandlerMapping]Mapped URL path [/item/show/] onto handler 'itemController'
[INFO] [2014-08-21 17:03:46][org.springframework.web.servlet.mvc.annotation.DefaultAnnotationHandlerMapping]Mapped URL path [/user/show] onto handler 'userController'
[INFO] [2014-08-21 17:03:46][org.springframework.web.servlet.mvc.annotation.DefaultAnnotationHandlerMapping]Mapped URL path [/user/show.*] onto handler 'userController'
[INFO] [2014-08-21 17:03:46][org.springframework.web.servlet.mvc.annotation.DefaultAnnotationHandlerMapping]Mapped URL path [/user/show/] onto handler 'userController'
[INFO] [2014-08-21 17:03:46][org.springframework.web.servlet.mvc.annotation.DefaultAnnotationHandlerMapping]Mapped URL path [/user/showUser] onto handler 'userController'
[INFO] [2014-08-21 17:03:46][org.springframework.web.servlet.mvc.annotation.DefaultAnnotationHandlerMapping]Mapped URL path [/user/showUser.*] onto handler 'userController'
[INFO] [2014-08-21 17:03:46][org.springframework.web.servlet.mvc.annotation.DefaultAnnotationHandlerMapping]Mapped URL path [/user/showUser/] onto handler 'userController'
[INFO] [2014-08-21 17:03:46][org.springframework.web.servlet.DispatcherServlet]FrameworkServlet 'SpringMVC': initialization completed in 1675 ms
[INFO] [2014-08-21 17:04:56][org.springframework.web.context.ContextLoader]Root WebApplicationContext: initialization started
[INFO] [2014-08-21 17:04:56][org.springframework.web.context.support.XmlWebApplicationContext]Refreshing Root WebApplicationContext: startup date [Thu Aug 21 17:04:56 CST 2014]; root of context hierarchy
[INFO] [2014-08-21 17:04:56][org.springframework.beans.factory.xml.XmlBeanDefinitionReader]Loading XML bean definitions from class path resource [spring-mybatis.xml]
[INFO] [2014-08-21 17:04:56][org.springframework.beans.factory.config.PropertyPlaceholderConfigurer]Loading properties file from class path resource [jdbc.properties]
[INFO] [2014-08-21 17:04:57][org.springframework.web.context.ContextLoader]Root WebApplicationContext: initialization completed in 1120 ms
[INFO] [2014-08-21 17:04:57][org.springframework.web.servlet.DispatcherServlet]FrameworkServlet 'SpringMVC': initialization started
[INFO] [2014-08-21 17:04:57][org.springframework.web.context.support.XmlWebApplicationContext]Refreshing WebApplicationContext for namespace 'SpringMVC-servlet': startup date [Thu Aug 21 17:04:57 CST 2014]; parent: Root WebApplicationContext
[INFO] [2014-08-21 17:04:57][org.springframework.beans.factory.xml.XmlBeanDefinitionReader]Loading XML bean definitions from class path resource [spring-mvc.xml]
[INFO] [2014-08-21 17:04:57][org.springframework.beans.factory.config.PropertyPlaceholderConfigurer]Loading properties file from class path resource [config.properties]
[INFO] [2014-08-21 17:04:57][org.springframework.web.servlet.view.velocity.VelocityConfigurer]ClasspathResourceLoader with name 'springMacro' added to configured VelocityEngine
[INFO] [2014-08-21 17:04:58][org.springframework.web.servlet.mvc.annotation.DefaultAnnotationHandlerMapping]Mapped URL path [/item/show] onto handler 'itemController'
[INFO] [2014-08-21 17:04:58][org.springframework.web.servlet.mvc.annotation.DefaultAnnotationHandlerMapping]Mapped URL path [/item/show.*] onto handler 'itemController'
[INFO] [2014-08-21 17:04:58][org.springframework.web.servlet.mvc.annotation.DefaultAnnotationHandlerMapping]Mapped URL path [/item/show/] onto handler 'itemController'
[INFO] [2014-08-21 17:04:58][org.springframework.web.servlet.mvc.annotation.DefaultAnnotationHandlerMapping]Mapped URL path [/user/show] onto handler 'userController'
[INFO] [2014-08-21 17:04:58][org.springframework.web.servlet.mvc.annotation.DefaultAnnotationHandlerMapping]Mapped URL path [/user/show.*] onto handler 'userController'
[INFO] [2014-08-21 17:04:58][org.springframework.web.servlet.mvc.annotation.DefaultAnnotationHandlerMapping]Mapped URL path [/user/show/] onto handler 'userController'
[INFO] [2014-08-21 17:04:58][org.springframework.web.servlet.mvc.annotation.DefaultAnnotationHandlerMapping]Mapped URL path [/user/showUser] onto handler 'userController'
[INFO] [2014-08-21 17:04:58][org.springframework.web.servlet.mvc.annotation.DefaultAnnotationHandlerMapping]Mapped URL path [/user/showUser.*] onto handler 'userController'
[INFO] [2014-08-21 17:04:58][org.springframework.web.servlet.mvc.annotation.DefaultAnnotationHandlerMapping]Mapped URL path [/user/showUser/] onto handler 'userController'
[INFO] [2014-08-21 17:04:58][org.springframework.web.servlet.DispatcherServlet]FrameworkServlet 'SpringMVC': initialization completed in 1244 ms
[INFO] [2014-08-21 17:06:35][org.springframework.web.context.ContextLoader]Root WebApplicationContext: initialization started
[INFO] [2014-08-21 17:06:35][org.springframework.web.context.support.XmlWebApplicationContext]Refreshing Root WebApplicationContext: startup date [Thu Aug 21 17:06:35 CST 2014]; root of context hierarchy
[INFO] [2014-08-21 17:06:35][org.springframework.beans.factory.xml.XmlBeanDefinitionReader]Loading XML bean definitions from class path resource [spring-mybatis.xml]
[INFO] [2014-08-21 17:06:36][org.springframework.beans.factory.config.PropertyPlaceholderConfigurer]Loading properties file from class path resource [jdbc.properties]
[INFO] [2014-08-21 17:06:36][org.springframework.web.context.ContextLoader]Root WebApplicationContext: initialization completed in 1089 ms
[INFO] [2014-08-21 17:06:36][org.springframework.web.servlet.DispatcherServlet]FrameworkServlet 'SpringMVC': initialization started
[INFO] [2014-08-21 17:06:36][org.springframework.web.context.support.XmlWebApplicationContext]Refreshing WebApplicationContext for namespace 'SpringMVC-servlet': startup date [Thu Aug 21 17:06:36 CST 2014]; parent: Root WebApplicationContext
[INFO] [2014-08-21 17:06:36][org.springframework.beans.factory.xml.XmlBeanDefinitionReader]Loading XML bean definitions from class path resource [spring-mvc.xml]
[INFO] [2014-08-21 17:06:37][org.springframework.beans.factory.config.PropertyPlaceholderConfigurer]Loading properties file from class path resource [config.properties]
[INFO] [2014-08-21 17:06:37][org.springframework.web.servlet.view.velocity.VelocityConfigurer]ClasspathResourceLoader with name 'springMacro' added to configured VelocityEngine
[INFO] [2014-08-21 17:06:37][org.springframework.web.servlet.mvc.annotation.DefaultAnnotationHandlerMapping]Mapped URL path [/item/show] onto handler 'itemController'
[INFO] [2014-08-21 17:06:37][org.springframework.web.servlet.mvc.annotation.DefaultAnnotationHandlerMapping]Mapped URL path [/item/show.*] onto handler 'itemController'
[INFO] [2014-08-21 17:06:37][org.springframework.web.servlet.mvc.annotation.DefaultAnnotationHandlerMapping]Mapped URL path [/item/show/] onto handler 'itemController'
[INFO] [2014-08-21 17:06:37][org.springframework.web.servlet.mvc.annotation.DefaultAnnotationHandlerMapping]Mapped URL path [/user/show] onto handler 'userController'
[INFO] [2014-08-21 17:06:37][org.springframework.web.servlet.mvc.annotation.DefaultAnnotationHandlerMapping]Mapped URL path [/user/show.*] onto handler 'userController'
[INFO] [2014-08-21 17:06:37][org.springframework.web.servlet.mvc.annotation.DefaultAnnotationHandlerMapping]Mapped URL path [/user/show/] onto handler 'userController'
[INFO] [2014-08-21 17:06:37][org.springframework.web.servlet.mvc.annotation.DefaultAnnotationHandlerMapping]Mapped URL path [/user/showUser] onto handler 'userController'
[INFO] [2014-08-21 17:06:37][org.springframework.web.servlet.mvc.annotation.DefaultAnnotationHandlerMapping]Mapped URL path [/user/showUser.*] onto handler 'userController'
[INFO] [2014-08-21 17:06:37][org.springframework.web.servlet.mvc.annotation.DefaultAnnotationHandlerMapping]Mapped URL path [/user/showUser/] onto handler 'userController'
[INFO] [2014-08-21 17:06:38][org.springframework.web.servlet.DispatcherServlet]FrameworkServlet 'SpringMVC': initialization completed in 1205 ms
[INFO] [2014-08-21 17:06:44][org.boom.web.controller.UserController]======serverUrl:localhost:8080/item/show
[INFO] [2014-08-21 17:07:37][org.springframework.web.context.ContextLoader]Root WebApplicationContext: initialization started
[INFO] [2014-08-21 17:07:37][org.springframework.web.context.support.XmlWebApplicationContext]Refreshing Root WebApplicationContext: startup date [Thu Aug 21 17:07:37 CST 2014]; root of context hierarchy
[INFO] [2014-08-21 17:07:37][org.springframework.beans.factory.xml.XmlBeanDefinitionReader]Loading XML bean definitions from class path resource [spring-mybatis.xml]
[INFO] [2014-08-21 17:07:37][org.springframework.beans.factory.config.PropertyPlaceholderConfigurer]Loading properties file from class path resource [jdbc.properties]
[INFO] [2014-08-21 17:07:38][org.springframework.web.context.ContextLoader]Root WebApplicationContext: initialization completed in 1001 ms
[INFO] [2014-08-21 17:07:38][org.springframework.web.servlet.DispatcherServlet]FrameworkServlet 'SpringMVC': initialization started
[INFO] [2014-08-21 17:07:38][org.springframework.web.context.support.XmlWebApplicationContext]Refreshing WebApplicationContext for namespace 'SpringMVC-servlet': startup date [Thu Aug 21 17:07:38 CST 2014]; parent: Root WebApplicationContext
[INFO] [2014-08-21 17:07:38][org.springframework.beans.factory.xml.XmlBeanDefinitionReader]Loading XML bean definitions from class path resource [spring-mvc.xml]
[INFO] [2014-08-21 17:07:38][org.springframework.beans.factory.config.PropertyPlaceholderConfigurer]Loading properties file from class path resource [config.properties]
[INFO] [2014-08-21 17:07:39][org.springframework.web.servlet.view.velocity.VelocityConfigurer]ClasspathResourceLoader with name 'springMacro' added to configured VelocityEngine
[INFO] [2014-08-21 17:07:39][org.springframework.web.servlet.mvc.annotation.DefaultAnnotationHandlerMapping]Mapped URL path [/item/show] onto handler 'itemController'
[INFO] [2014-08-21 17:07:39][org.springframework.web.servlet.mvc.annotation.DefaultAnnotationHandlerMapping]Mapped URL path [/item/show.*] onto handler 'itemController'
[INFO] [2014-08-21 17:07:39][org.springframework.web.servlet.mvc.annotation.DefaultAnnotationHandlerMapping]Mapped URL path [/item/show/] onto handler 'itemController'
[INFO] [2014-08-21 17:07:39][org.springframework.web.servlet.mvc.annotation.DefaultAnnotationHandlerMapping]Mapped URL path [/user/show] onto handler 'userController'
[INFO] [2014-08-21 17:07:39][org.springframework.web.servlet.mvc.annotation.DefaultAnnotationHandlerMapping]Mapped URL path [/user/show.*] onto handler 'userController'
[INFO] [2014-08-21 17:07:39][org.springframework.web.servlet.mvc.annotation.DefaultAnnotationHandlerMapping]Mapped URL path [/user/show/] onto handler 'userController'
[INFO] [2014-08-21 17:07:39][org.springframework.web.servlet.mvc.annotation.DefaultAnnotationHandlerMapping]Mapped URL path [/user/showUser] onto handler 'userController'
[INFO] [2014-08-21 17:07:39][org.springframework.web.servlet.mvc.annotation.DefaultAnnotationHandlerMapping]Mapped URL path [/user/showUser.*] onto handler 'userController'
[INFO] [2014-08-21 17:07:39][org.springframework.web.servlet.mvc.annotation.DefaultAnnotationHandlerMapping]Mapped URL path [/user/showUser/] onto handler 'userController'
[INFO] [2014-08-21 17:07:39][org.springframework.web.servlet.DispatcherServlet]FrameworkServlet 'SpringMVC': initialization completed in 1212 ms
[INFO] [2014-08-21 17:07:45][org.boom.web.controller.UserController]======serverUrl:http://localhost:8080/item/show
[INFO] [2014-08-21 17:08:09][org.springframework.web.context.ContextLoader]Root WebApplicationContext: initialization started
[INFO] [2014-08-21 17:08:09][org.springframework.web.context.support.XmlWebApplicationContext]Refreshing Root WebApplicationContext: startup date [Thu Aug 21 17:08:09 CST 2014]; root of context hierarchy
[INFO] [2014-08-21 17:08:09][org.springframework.beans.factory.xml.XmlBeanDefinitionReader]Loading XML bean definitions from class path resource [spring-mybatis.xml]
[INFO] [2014-08-21 17:08:10][org.springframework.beans.factory.config.PropertyPlaceholderConfigurer]Loading properties file from class path resource [jdbc.properties]
[INFO] [2014-08-21 17:08:10][org.springframework.web.context.ContextLoader]Root WebApplicationContext: initialization completed in 985 ms
[INFO] [2014-08-21 17:08:10][org.springframework.web.servlet.DispatcherServlet]FrameworkServlet 'SpringMVC': initialization started
[INFO] [2014-08-21 17:08:10][org.springframework.web.context.support.XmlWebApplicationContext]Refreshing WebApplicationContext for namespace 'SpringMVC-servlet': startup date [Thu Aug 21 17:08:10 CST 2014]; parent: Root WebApplicationContext
[INFO] [2014-08-21 17:08:10][org.springframework.beans.factory.xml.XmlBeanDefinitionReader]Loading XML bean definitions from class path resource [spring-mvc.xml]
[INFO] [2014-08-21 17:08:10][org.springframework.beans.factory.config.PropertyPlaceholderConfigurer]Loading properties file from class path resource [config.properties]
[INFO] [2014-08-21 17:08:11][org.springframework.web.servlet.view.velocity.VelocityConfigurer]ClasspathResourceLoader with name 'springMacro' added to configured VelocityEngine
[INFO] [2014-08-21 17:08:11][org.springframework.web.servlet.mvc.annotation.DefaultAnnotationHandlerMapping]Mapped URL path [/item/show] onto handler 'itemController'
[INFO] [2014-08-21 17:08:11][org.springframework.web.servlet.mvc.annotation.DefaultAnnotationHandlerMapping]Mapped URL path [/item/show.*] onto handler 'itemController'
[INFO] [2014-08-21 17:08:11][org.springframework.web.servlet.mvc.annotation.DefaultAnnotationHandlerMapping]Mapped URL path [/item/show/] onto handler 'itemController'
[INFO] [2014-08-21 17:08:11][org.springframework.web.servlet.mvc.annotation.DefaultAnnotationHandlerMapping]Mapped URL path [/user/show] onto handler 'userController'
[INFO] [2014-08-21 17:08:11][org.springframework.web.servlet.mvc.annotation.DefaultAnnotationHandlerMapping]Mapped URL path [/user/show.*] onto handler 'userController'
[INFO] [2014-08-21 17:08:11][org.springframework.web.servlet.mvc.annotation.DefaultAnnotationHandlerMapping]Mapped URL path [/user/show/] onto handler 'userController'
[INFO] [2014-08-21 17:08:11][org.springframework.web.servlet.mvc.annotation.DefaultAnnotationHandlerMapping]Mapped URL path [/user/showUser] onto handler 'userController'
[INFO] [2014-08-21 17:08:11][org.springframework.web.servlet.mvc.annotation.DefaultAnnotationHandlerMapping]Mapped URL path [/user/showUser.*] onto handler 'userController'
[INFO] [2014-08-21 17:08:11][org.springframework.web.servlet.mvc.annotation.DefaultAnnotationHandlerMapping]Mapped URL path [/user/showUser/] onto handler 'userController'
[INFO] [2014-08-21 17:08:11][org.springframework.web.servlet.DispatcherServlet]FrameworkServlet 'SpringMVC': initialization completed in 778 ms
[INFO] [2014-08-21 17:08:17][org.boom.web.controller.UserController]======serverUrl:http://localhost:8080/web-template/item/show
[INFO] [2014-08-22 10:20:04][org.springframework.beans.factory.xml.XmlBeanDefinitionReader]Loading XML bean definitions from class path resource [spring-mybatis.xml]
[INFO] [2014-08-22 10:20:05][org.springframework.context.support.GenericApplicationContext]Refreshing org.springframework.context.support.GenericApplicationContext@a287e60: startup date [Fri Aug 22 10:20:05 CST 2014]; root of context hierarchy
[INFO] [2014-08-22 10:20:05][org.springframework.beans.factory.config.PropertyPlaceholderConfigurer]Loading properties file from class path resource [jdbc.properties]
[ERROR] [2014-08-22 10:20:05][org.springframework.test.context.TestContextManager]Caught exception while allowing TestExecutionListener [org.springframework.test.context.support.DependencyInjectionTestExecutionListener@7c4f1707] to prepare test instance [org.boom.share.manager.TestSpringWithMyBatis@2c710c53]
java.lang.IllegalStateException: Failed to load ApplicationContext
	at org.springframework.test.context.CacheAwareContextLoaderDelegate.loadContext(CacheAwareContextLoaderDelegate.java:99)
	at org.springframework.test.context.DefaultTestContext.getApplicationContext(DefaultTestContext.java:101)
	at org.springframework.test.context.support.DependencyInjectionTestExecutionListener.injectDependencies(DependencyInjectionTestExecutionListener.java:109)
	at org.springframework.test.context.support.DependencyInjectionTestExecutionListener.prepareTestInstance(DependencyInjectionTestExecutionListener.java:75)
	at org.springframework.test.context.TestContextManager.prepareTestInstance(TestContextManager.java:319)
	at org.springframework.test.context.junit4.SpringJUnit4ClassRunner.createTest(SpringJUnit4ClassRunner.java:212)
	at org.springframework.test.context.junit4.SpringJUnit4ClassRunner$1.runReflectiveCall(SpringJUnit4ClassRunner.java:289)
	at org.junit.internal.runners.model.ReflectiveCallable.run(ReflectiveCallable.java:12)
	at org.springframework.test.context.junit4.SpringJUnit4ClassRunner.methodBlock(SpringJUnit4ClassRunner.java:291)
	at org.springframework.test.context.junit4.SpringJUnit4ClassRunner.runChild(SpringJUnit4ClassRunner.java:232)
	at org.springframework.test.context.junit4.SpringJUnit4ClassRunner.runChild(SpringJUnit4ClassRunner.java:89)
	at org.junit.runners.ParentRunner$3.run(ParentRunner.java:238)
	at org.junit.runners.ParentRunner$1.schedule(ParentRunner.java:63)
	at org.junit.runners.ParentRunner.runChildren(ParentRunner.java:236)
	at org.junit.runners.ParentRunner.access$000(ParentRunner.java:53)
	at org.junit.runners.ParentRunner$2.evaluate(ParentRunner.java:229)
	at org.springframework.test.context.junit4.statements.RunBeforeTestClassCallbacks.evaluate(RunBeforeTestClassCallbacks.java:61)
	at org.springframework.test.context.junit4.statements.RunAfterTestClassCallbacks.evaluate(RunAfterTestClassCallbacks.java:71)
	at org.junit.runners.ParentRunner.run(ParentRunner.java:309)
	at org.springframework.test.context.junit4.SpringJUnit4ClassRunner.run(SpringJUnit4ClassRunner.java:175)
	at org.junit.runner.JUnitCore.run(JUnitCore.java:160)
	at com.intellij.junit4.JUnit4IdeaTestRunner.startRunnerWithArgs(JUnit4IdeaTestRunner.java:74)
	at com.intellij.rt.execution.junit.JUnitStarter.prepareStreamsAndStart(JUnitStarter.java:211)
	at com.intellij.rt.execution.junit.JUnitStarter.main(JUnitStarter.java:67)
	at sun.reflect.NativeMethodAccessorImpl.invoke0(Native Method)
	at sun.reflect.NativeMethodAccessorImpl.invoke(NativeMethodAccessorImpl.java:57)
	at sun.reflect.DelegatingMethodAccessorImpl.invoke(DelegatingMethodAccessorImpl.java:43)
	at java.lang.reflect.Method.invoke(Method.java:606)
	at com.intellij.rt.execution.application.AppMain.main(AppMain.java:134)
Caused by: org.springframework.beans.factory.BeanCreationException: Error creating bean with name 'sqlSessionFactory' defined in class path resource [spring-mybatis.xml]: Invocation of init method failed; nested exception is org.springframework.core.NestedIOException: Failed to parse mapping resource: 'file [/Users/jiangshan/develop/learn/share-manager/target/classes/org/boom/share/manager/mapping/UserMapper.xml]'; nested exception is org.apache.ibatis.builder.BuilderException: Error parsing Mapper XML. Cause: org.apache.ibatis.builder.BuilderException: Error resolving class. Cause: org.apache.ibatis.type.TypeException: Could not resolve type alias 'org.boom.web.domain.User'.  Cause: java.lang.ClassNotFoundException: Cannot find class: org.boom.web.domain.User
	at org.springframework.beans.factory.support.AbstractAutowireCapableBeanFactory.initializeBean(AbstractAutowireCapableBeanFactory.java:1553)
	at org.springframework.beans.factory.support.AbstractAutowireCapableBeanFactory.doCreateBean(AbstractAutowireCapableBeanFactory.java:539)
	at org.springframework.beans.factory.support.AbstractAutowireCapableBeanFactory.createBean(AbstractAutowireCapableBeanFactory.java:475)
	at org.springframework.beans.factory.support.AbstractBeanFactory$1.getObject(AbstractBeanFactory.java:304)
	at org.springframework.beans.factory.support.DefaultSingletonBeanRegistry.getSingleton(DefaultSingletonBeanRegistry.java:228)
	at org.springframework.beans.factory.support.AbstractBeanFactory.doGetBean(AbstractBeanFactory.java:300)
	at org.springframework.beans.factory.support.AbstractBeanFactory.getBean(AbstractBeanFactory.java:195)
	at org.springframework.beans.factory.support.DefaultListableBeanFactory.preInstantiateSingletons(DefaultListableBeanFactory.java:681)
	at org.springframework.context.support.AbstractApplicationContext.finishBeanFactoryInitialization(AbstractApplicationContext.java:760)
	at org.springframework.context.support.AbstractApplicationContext.refresh(AbstractApplicationContext.java:482)
	at org.springframework.test.context.support.AbstractGenericContextLoader.loadContext(AbstractGenericContextLoader.java:121)
	at org.springframework.test.context.support.AbstractGenericContextLoader.loadContext(AbstractGenericContextLoader.java:60)
	at org.springframework.test.context.support.AbstractDelegatingSmartContextLoader.delegateLoading(AbstractDelegatingSmartContextLoader.java:100)
	at org.springframework.test.context.support.AbstractDelegatingSmartContextLoader.loadContext(AbstractDelegatingSmartContextLoader.java:250)
	at org.springframework.test.context.CacheAwareContextLoaderDelegate.loadContextInternal(CacheAwareContextLoaderDelegate.java:64)
	at org.springframework.test.context.CacheAwareContextLoaderDelegate.loadContext(CacheAwareContextLoaderDelegate.java:91)
	... 28 more
Caused by: org.springframework.core.NestedIOException: Failed to parse mapping resource: 'file [/Users/jiangshan/develop/learn/share-manager/target/classes/org/boom/share/manager/mapping/UserMapper.xml]'; nested exception is org.apache.ibatis.builder.BuilderException: Error parsing Mapper XML. Cause: org.apache.ibatis.builder.BuilderException: Error resolving class. Cause: org.apache.ibatis.type.TypeException: Could not resolve type alias 'org.boom.web.domain.User'.  Cause: java.lang.ClassNotFoundException: Cannot find class: org.boom.web.domain.User
	at org.mybatis.spring.SqlSessionFactoryBean.buildSqlSessionFactory(SqlSessionFactoryBean.java:466)
	at org.mybatis.spring.SqlSessionFactoryBean.afterPropertiesSet(SqlSessionFactoryBean.java:340)
	at org.springframework.beans.factory.support.AbstractAutowireCapableBeanFactory.invokeInitMethods(AbstractAutowireCapableBeanFactory.java:1612)
	at org.springframework.beans.factory.support.AbstractAutowireCapableBeanFactory.initializeBean(AbstractAutowireCapableBeanFactory.java:1549)
	... 43 more
Caused by: org.apache.ibatis.builder.BuilderException: Error parsing Mapper XML. Cause: org.apache.ibatis.builder.BuilderException: Error resolving class. Cause: org.apache.ibatis.type.TypeException: Could not resolve type alias 'org.boom.web.domain.User'.  Cause: java.lang.ClassNotFoundException: Cannot find class: org.boom.web.domain.User
	at org.apache.ibatis.builder.xml.XMLMapperBuilder.configurationElement(XMLMapperBuilder.java:120)
	at org.apache.ibatis.builder.xml.XMLMapperBuilder.parse(XMLMapperBuilder.java:92)
	at org.mybatis.spring.SqlSessionFactoryBean.buildSqlSessionFactory(SqlSessionFactoryBean.java:464)
	... 46 more
Caused by: org.apache.ibatis.builder.BuilderException: Error resolving class. Cause: org.apache.ibatis.type.TypeException: Could not resolve type alias 'org.boom.web.domain.User'.  Cause: java.lang.ClassNotFoundException: Cannot find class: org.boom.web.domain.User
	at org.apache.ibatis.builder.BaseBuilder.resolveClass(BaseBuilder.java:103)
	at org.apache.ibatis.builder.xml.XMLMapperBuilder.resultMapElement(XMLMapperBuilder.java:264)
	at org.apache.ibatis.builder.xml.XMLMapperBuilder.resultMapElement(XMLMapperBuilder.java:251)
	at org.apache.ibatis.builder.xml.XMLMapperBuilder.resultMapElements(XMLMapperBuilder.java:243)
	at org.apache.ibatis.builder.xml.XMLMapperBuilder.configurationElement(XMLMapperBuilder.java:116)
	... 48 more
Caused by: org.apache.ibatis.type.TypeException: Could not resolve type alias 'org.boom.web.domain.User'.  Cause: java.lang.ClassNotFoundException: Cannot find class: org.boom.web.domain.User
	at org.apache.ibatis.type.TypeAliasRegistry.resolveAlias(TypeAliasRegistry.java:117)
	at org.apache.ibatis.builder.BaseBuilder.resolveAlias(BaseBuilder.java:130)
	at org.apache.ibatis.builder.BaseBuilder.resolveClass(BaseBuilder.java:101)
	... 52 more
Caused by: java.lang.ClassNotFoundException: Cannot find class: org.boom.web.domain.User
	at org.apache.ibatis.io.ClassLoaderWrapper.classForName(ClassLoaderWrapper.java:190)
	at org.apache.ibatis.io.ClassLoaderWrapper.classForName(ClassLoaderWrapper.java:89)
	at org.apache.ibatis.io.Resources.classForName(Resources.java:256)
	at org.apache.ibatis.type.TypeAliasRegistry.resolveAlias(TypeAliasRegistry.java:113)
	... 54 more
[INFO] [2014-08-22 10:21:16][org.springframework.beans.factory.xml.XmlBeanDefinitionReader]Loading XML bean definitions from class path resource [spring-mybatis.xml]
[INFO] [2014-08-22 10:21:17][org.springframework.context.support.GenericApplicationContext]Refreshing org.springframework.context.support.GenericApplicationContext@6880d5d5: startup date [Fri Aug 22 10:21:17 CST 2014]; root of context hierarchy
[INFO] [2014-08-22 10:21:17][org.springframework.beans.factory.config.PropertyPlaceholderConfigurer]Loading properties file from class path resource [jdbc.properties]
[ERROR] [2014-08-22 10:21:17][org.springframework.test.context.TestContextManager]Caught exception while allowing TestExecutionListener [org.springframework.test.context.support.DependencyInjectionTestExecutionListener@2c710c53] to prepare test instance [org.boom.share.manager.TestSpringWithMyBatis@31e033f0]
java.lang.IllegalStateException: Failed to load ApplicationContext
	at org.springframework.test.context.CacheAwareContextLoaderDelegate.loadContext(CacheAwareContextLoaderDelegate.java:99)
	at org.springframework.test.context.DefaultTestContext.getApplicationContext(DefaultTestContext.java:101)
	at org.springframework.test.context.support.DependencyInjectionTestExecutionListener.injectDependencies(DependencyInjectionTestExecutionListener.java:109)
	at org.springframework.test.context.support.DependencyInjectionTestExecutionListener.prepareTestInstance(DependencyInjectionTestExecutionListener.java:75)
	at org.springframework.test.context.TestContextManager.prepareTestInstance(TestContextManager.java:319)
	at org.springframework.test.context.junit4.SpringJUnit4ClassRunner.createTest(SpringJUnit4ClassRunner.java:212)
	at org.springframework.test.context.junit4.SpringJUnit4ClassRunner$1.runReflectiveCall(SpringJUnit4ClassRunner.java:289)
	at org.junit.internal.runners.model.ReflectiveCallable.run(ReflectiveCallable.java:12)
	at org.springframework.test.context.junit4.SpringJUnit4ClassRunner.methodBlock(SpringJUnit4ClassRunner.java:291)
	at org.springframework.test.context.junit4.SpringJUnit4ClassRunner.runChild(SpringJUnit4ClassRunner.java:232)
	at org.springframework.test.context.junit4.SpringJUnit4ClassRunner.runChild(SpringJUnit4ClassRunner.java:89)
	at org.junit.runners.ParentRunner$3.run(ParentRunner.java:238)
	at org.junit.runners.ParentRunner$1.schedule(ParentRunner.java:63)
	at org.junit.runners.ParentRunner.runChildren(ParentRunner.java:236)
	at org.junit.runners.ParentRunner.access$000(ParentRunner.java:53)
	at org.junit.runners.ParentRunner$2.evaluate(ParentRunner.java:229)
	at org.springframework.test.context.junit4.statements.RunBeforeTestClassCallbacks.evaluate(RunBeforeTestClassCallbacks.java:61)
	at org.springframework.test.context.junit4.statements.RunAfterTestClassCallbacks.evaluate(RunAfterTestClassCallbacks.java:71)
	at org.junit.runners.ParentRunner.run(ParentRunner.java:309)
	at org.springframework.test.context.junit4.SpringJUnit4ClassRunner.run(SpringJUnit4ClassRunner.java:175)
	at org.junit.runner.JUnitCore.run(JUnitCore.java:160)
	at com.intellij.junit4.JUnit4IdeaTestRunner.startRunnerWithArgs(JUnit4IdeaTestRunner.java:74)
	at com.intellij.rt.execution.junit.JUnitStarter.prepareStreamsAndStart(JUnitStarter.java:211)
	at com.intellij.rt.execution.junit.JUnitStarter.main(JUnitStarter.java:67)
	at sun.reflect.NativeMethodAccessorImpl.invoke0(Native Method)
	at sun.reflect.NativeMethodAccessorImpl.invoke(NativeMethodAccessorImpl.java:57)
	at sun.reflect.DelegatingMethodAccessorImpl.invoke(DelegatingMethodAccessorImpl.java:43)
	at java.lang.reflect.Method.invoke(Method.java:606)
	at com.intellij.rt.execution.application.AppMain.main(AppMain.java:134)
Caused by: org.springframework.beans.factory.BeanCreationException: Error creating bean with name 'sqlSessionFactory' defined in class path resource [spring-mybatis.xml]: Invocation of init method failed; nested exception is org.springframework.core.NestedIOException: Failed to parse mapping resource: 'file [/Users/jiangshan/develop/learn/share-manager/target/classes/org/boom/share/manager/mapping/UserMapper.xml]'; nested exception is org.apache.ibatis.builder.BuilderException: Error parsing Mapper XML. Cause: org.apache.ibatis.builder.BuilderException: Error resolving class. Cause: org.apache.ibatis.type.TypeException: Could not resolve type alias 'org.boom.web.domain.User'.  Cause: java.lang.ClassNotFoundException: Cannot find class: org.boom.web.domain.User
	at org.springframework.beans.factory.support.AbstractAutowireCapableBeanFactory.initializeBean(AbstractAutowireCapableBeanFactory.java:1553)
	at org.springframework.beans.factory.support.AbstractAutowireCapableBeanFactory.doCreateBean(AbstractAutowireCapableBeanFactory.java:539)
	at org.springframework.beans.factory.support.AbstractAutowireCapableBeanFactory.createBean(AbstractAutowireCapableBeanFactory.java:475)
	at org.springframework.beans.factory.support.AbstractBeanFactory$1.getObject(AbstractBeanFactory.java:304)
	at org.springframework.beans.factory.support.DefaultSingletonBeanRegistry.getSingleton(DefaultSingletonBeanRegistry.java:228)
	at org.springframework.beans.factory.support.AbstractBeanFactory.doGetBean(AbstractBeanFactory.java:300)
	at org.springframework.beans.factory.support.AbstractBeanFactory.getBean(AbstractBeanFactory.java:195)
	at org.springframework.beans.factory.support.DefaultListableBeanFactory.preInstantiateSingletons(DefaultListableBeanFactory.java:681)
	at org.springframework.context.support.AbstractApplicationContext.finishBeanFactoryInitialization(AbstractApplicationContext.java:760)
	at org.springframework.context.support.AbstractApplicationContext.refresh(AbstractApplicationContext.java:482)
	at org.springframework.test.context.support.AbstractGenericContextLoader.loadContext(AbstractGenericContextLoader.java:121)
	at org.springframework.test.context.support.AbstractGenericContextLoader.loadContext(AbstractGenericContextLoader.java:60)
	at org.springframework.test.context.support.AbstractDelegatingSmartContextLoader.delegateLoading(AbstractDelegatingSmartContextLoader.java:100)
	at org.springframework.test.context.support.AbstractDelegatingSmartContextLoader.loadContext(AbstractDelegatingSmartContextLoader.java:250)
	at org.springframework.test.context.CacheAwareContextLoaderDelegate.loadContextInternal(CacheAwareContextLoaderDelegate.java:64)
	at org.springframework.test.context.CacheAwareContextLoaderDelegate.loadContext(CacheAwareContextLoaderDelegate.java:91)
	... 28 more
Caused by: org.springframework.core.NestedIOException: Failed to parse mapping resource: 'file [/Users/jiangshan/develop/learn/share-manager/target/classes/org/boom/share/manager/mapping/UserMapper.xml]'; nested exception is org.apache.ibatis.builder.BuilderException: Error parsing Mapper XML. Cause: org.apache.ibatis.builder.BuilderException: Error resolving class. Cause: org.apache.ibatis.type.TypeException: Could not resolve type alias 'org.boom.web.domain.User'.  Cause: java.lang.ClassNotFoundException: Cannot find class: org.boom.web.domain.User
	at org.mybatis.spring.SqlSessionFactoryBean.buildSqlSessionFactory(SqlSessionFactoryBean.java:466)
	at org.mybatis.spring.SqlSessionFactoryBean.afterPropertiesSet(SqlSessionFactoryBean.java:340)
	at org.springframework.beans.factory.support.AbstractAutowireCapableBeanFactory.invokeInitMethods(AbstractAutowireCapableBeanFactory.java:1612)
	at org.springframework.beans.factory.support.AbstractAutowireCapableBeanFactory.initializeBean(AbstractAutowireCapableBeanFactory.java:1549)
	... 43 more
Caused by: org.apache.ibatis.builder.BuilderException: Error parsing Mapper XML. Cause: org.apache.ibatis.builder.BuilderException: Error resolving class. Cause: org.apache.ibatis.type.TypeException: Could not resolve type alias 'org.boom.web.domain.User'.  Cause: java.lang.ClassNotFoundException: Cannot find class: org.boom.web.domain.User
	at org.apache.ibatis.builder.xml.XMLMapperBuilder.configurationElement(XMLMapperBuilder.java:120)
	at org.apache.ibatis.builder.xml.XMLMapperBuilder.parse(XMLMapperBuilder.java:92)
	at org.mybatis.spring.SqlSessionFactoryBean.buildSqlSessionFactory(SqlSessionFactoryBean.java:464)
	... 46 more
Caused by: org.apache.ibatis.builder.BuilderException: Error resolving class. Cause: org.apache.ibatis.type.TypeException: Could not resolve type alias 'org.boom.web.domain.User'.  Cause: java.lang.ClassNotFoundException: Cannot find class: org.boom.web.domain.User
	at org.apache.ibatis.builder.BaseBuilder.resolveClass(BaseBuilder.java:103)
	at org.apache.ibatis.builder.xml.XMLMapperBuilder.resultMapElement(XMLMapperBuilder.java:264)
	at org.apache.ibatis.builder.xml.XMLMapperBuilder.resultMapElement(XMLMapperBuilder.java:251)
	at org.apache.ibatis.builder.xml.XMLMapperBuilder.resultMapElements(XMLMapperBuilder.java:243)
	at org.apache.ibatis.builder.xml.XMLMapperBuilder.configurationElement(XMLMapperBuilder.java:116)
	... 48 more
Caused by: org.apache.ibatis.type.TypeException: Could not resolve type alias 'org.boom.web.domain.User'.  Cause: java.lang.ClassNotFoundException: Cannot find class: org.boom.web.domain.User
	at org.apache.ibatis.type.TypeAliasRegistry.resolveAlias(TypeAliasRegistry.java:117)
	at org.apache.ibatis.builder.BaseBuilder.resolveAlias(BaseBuilder.java:130)
	at org.apache.ibatis.builder.BaseBuilder.resolveClass(BaseBuilder.java:101)
	... 52 more
Caused by: java.lang.ClassNotFoundException: Cannot find class: org.boom.web.domain.User
	at org.apache.ibatis.io.ClassLoaderWrapper.classForName(ClassLoaderWrapper.java:190)
	at org.apache.ibatis.io.ClassLoaderWrapper.classForName(ClassLoaderWrapper.java:89)
	at org.apache.ibatis.io.Resources.classForName(Resources.java:256)
	at org.apache.ibatis.type.TypeAliasRegistry.resolveAlias(TypeAliasRegistry.java:113)
	... 54 more
[INFO] [2014-08-22 10:22:16][org.springframework.beans.factory.xml.XmlBeanDefinitionReader]Loading XML bean definitions from class path resource [spring-mybatis.xml]
[INFO] [2014-08-22 10:22:17][org.springframework.context.support.GenericApplicationContext]Refreshing org.springframework.context.support.GenericApplicationContext@a287e60: startup date [Fri Aug 22 10:22:17 CST 2014]; root of context hierarchy
[INFO] [2014-08-22 10:22:17][org.springframework.beans.factory.config.PropertyPlaceholderConfigurer]Loading properties file from class path resource [jdbc.properties]
[ERROR] [2014-08-22 10:22:17][org.springframework.test.context.TestContextManager]Caught exception while allowing TestExecutionListener [org.springframework.test.context.support.DependencyInjectionTestExecutionListener@4a7091c] to prepare test instance [org.boom.share.manager.TestSpringWithMyBatis@72470fa6]
java.lang.IllegalStateException: Failed to load ApplicationContext
	at org.springframework.test.context.CacheAwareContextLoaderDelegate.loadContext(CacheAwareContextLoaderDelegate.java:99)
	at org.springframework.test.context.DefaultTestContext.getApplicationContext(DefaultTestContext.java:101)
	at org.springframework.test.context.support.DependencyInjectionTestExecutionListener.injectDependencies(DependencyInjectionTestExecutionListener.java:109)
	at org.springframework.test.context.support.DependencyInjectionTestExecutionListener.prepareTestInstance(DependencyInjectionTestExecutionListener.java:75)
	at org.springframework.test.context.TestContextManager.prepareTestInstance(TestContextManager.java:319)
	at org.springframework.test.context.junit4.SpringJUnit4ClassRunner.createTest(SpringJUnit4ClassRunner.java:212)
	at org.springframework.test.context.junit4.SpringJUnit4ClassRunner$1.runReflectiveCall(SpringJUnit4ClassRunner.java:289)
	at org.junit.internal.runners.model.ReflectiveCallable.run(ReflectiveCallable.java:12)
	at org.springframework.test.context.junit4.SpringJUnit4ClassRunner.methodBlock(SpringJUnit4ClassRunner.java:291)
	at org.springframework.test.context.junit4.SpringJUnit4ClassRunner.runChild(SpringJUnit4ClassRunner.java:232)
	at org.springframework.test.context.junit4.SpringJUnit4ClassRunner.runChild(SpringJUnit4ClassRunner.java:89)
	at org.junit.runners.ParentRunner$3.run(ParentRunner.java:238)
	at org.junit.runners.ParentRunner$1.schedule(ParentRunner.java:63)
	at org.junit.runners.ParentRunner.runChildren(ParentRunner.java:236)
	at org.junit.runners.ParentRunner.access$000(ParentRunner.java:53)
	at org.junit.runners.ParentRunner$2.evaluate(ParentRunner.java:229)
	at org.springframework.test.context.junit4.statements.RunBeforeTestClassCallbacks.evaluate(RunBeforeTestClassCallbacks.java:61)
	at org.springframework.test.context.junit4.statements.RunAfterTestClassCallbacks.evaluate(RunAfterTestClassCallbacks.java:71)
	at org.junit.runners.ParentRunner.run(ParentRunner.java:309)
	at org.springframework.test.context.junit4.SpringJUnit4ClassRunner.run(SpringJUnit4ClassRunner.java:175)
	at org.junit.runner.JUnitCore.run(JUnitCore.java:160)
	at com.intellij.junit4.JUnit4IdeaTestRunner.startRunnerWithArgs(JUnit4IdeaTestRunner.java:74)
	at com.intellij.rt.execution.junit.JUnitStarter.prepareStreamsAndStart(JUnitStarter.java:211)
	at com.intellij.rt.execution.junit.JUnitStarter.main(JUnitStarter.java:67)
	at sun.reflect.NativeMethodAccessorImpl.invoke0(Native Method)
	at sun.reflect.NativeMethodAccessorImpl.invoke(NativeMethodAccessorImpl.java:57)
	at sun.reflect.DelegatingMethodAccessorImpl.invoke(DelegatingMethodAccessorImpl.java:43)
	at java.lang.reflect.Method.invoke(Method.java:606)
	at com.intellij.rt.execution.application.AppMain.main(AppMain.java:134)
Caused by: org.springframework.beans.factory.BeanCreationException: Error creating bean with name 'sqlSessionFactory' defined in class path resource [spring-mybatis.xml]: Invocation of init method failed; nested exception is org.springframework.core.NestedIOException: Failed to parse mapping resource: 'file [/Users/jiangshan/develop/learn/share-manager/target/classes/org/boom/share/manager/mapping/UserMapper.xml]'; nested exception is org.apache.ibatis.builder.BuilderException: Error parsing Mapper XML. Cause: org.apache.ibatis.builder.BuilderException: Error resolving class. Cause: org.apache.ibatis.type.TypeException: Could not resolve type alias 'org.boom.web.domain.User'.  Cause: java.lang.ClassNotFoundException: Cannot find class: org.boom.web.domain.User
	at org.springframework.beans.factory.support.AbstractAutowireCapableBeanFactory.initializeBean(AbstractAutowireCapableBeanFactory.java:1553)
	at org.springframework.beans.factory.support.AbstractAutowireCapableBeanFactory.doCreateBean(AbstractAutowireCapableBeanFactory.java:539)
	at org.springframework.beans.factory.support.AbstractAutowireCapableBeanFactory.createBean(AbstractAutowireCapableBeanFactory.java:475)
	at org.springframework.beans.factory.support.AbstractBeanFactory$1.getObject(AbstractBeanFactory.java:304)
	at org.springframework.beans.factory.support.DefaultSingletonBeanRegistry.getSingleton(DefaultSingletonBeanRegistry.java:228)
	at org.springframework.beans.factory.support.AbstractBeanFactory.doGetBean(AbstractBeanFactory.java:300)
	at org.springframework.beans.factory.support.AbstractBeanFactory.getBean(AbstractBeanFactory.java:195)
	at org.springframework.beans.factory.support.DefaultListableBeanFactory.preInstantiateSingletons(DefaultListableBeanFactory.java:681)
	at org.springframework.context.support.AbstractApplicationContext.finishBeanFactoryInitialization(AbstractApplicationContext.java:760)
	at org.springframework.context.support.AbstractApplicationContext.refresh(AbstractApplicationContext.java:482)
	at org.springframework.test.context.support.AbstractGenericContextLoader.loadContext(AbstractGenericContextLoader.java:121)
	at org.springframework.test.context.support.AbstractGenericContextLoader.loadContext(AbstractGenericContextLoader.java:60)
	at org.springframework.test.context.support.AbstractDelegatingSmartContextLoader.delegateLoading(AbstractDelegatingSmartContextLoader.java:100)
	at org.springframework.test.context.support.AbstractDelegatingSmartContextLoader.loadContext(AbstractDelegatingSmartContextLoader.java:250)
	at org.springframework.test.context.CacheAwareContextLoaderDelegate.loadContextInternal(CacheAwareContextLoaderDelegate.java:64)
	at org.springframework.test.context.CacheAwareContextLoaderDelegate.loadContext(CacheAwareContextLoaderDelegate.java:91)
	... 28 more
Caused by: org.springframework.core.NestedIOException: Failed to parse mapping resource: 'file [/Users/jiangshan/develop/learn/share-manager/target/classes/org/boom/share/manager/mapping/UserMapper.xml]'; nested exception is org.apache.ibatis.builder.BuilderException: Error parsing Mapper XML. Cause: org.apache.ibatis.builder.BuilderException: Error resolving class. Cause: org.apache.ibatis.type.TypeException: Could not resolve type alias 'org.boom.web.domain.User'.  Cause: java.lang.ClassNotFoundException: Cannot find class: org.boom.web.domain.User
	at org.mybatis.spring.SqlSessionFactoryBean.buildSqlSessionFactory(SqlSessionFactoryBean.java:466)
	at org.mybatis.spring.SqlSessionFactoryBean.afterPropertiesSet(SqlSessionFactoryBean.java:340)
	at org.springframework.beans.factory.support.AbstractAutowireCapableBeanFactory.invokeInitMethods(AbstractAutowireCapableBeanFactory.java:1612)
	at org.springframework.beans.factory.support.AbstractAutowireCapableBeanFactory.initializeBean(AbstractAutowireCapableBeanFactory.java:1549)
	... 43 more
Caused by: org.apache.ibatis.builder.BuilderException: Error parsing Mapper XML. Cause: org.apache.ibatis.builder.BuilderException: Error resolving class. Cause: org.apache.ibatis.type.TypeException: Could not resolve type alias 'org.boom.web.domain.User'.  Cause: java.lang.ClassNotFoundException: Cannot find class: org.boom.web.domain.User
	at org.apache.ibatis.builder.xml.XMLMapperBuilder.configurationElement(XMLMapperBuilder.java:120)
	at org.apache.ibatis.builder.xml.XMLMapperBuilder.parse(XMLMapperBuilder.java:92)
	at org.mybatis.spring.SqlSessionFactoryBean.buildSqlSessionFactory(SqlSessionFactoryBean.java:464)
	... 46 more
Caused by: org.apache.ibatis.builder.BuilderException: Error resolving class. Cause: org.apache.ibatis.type.TypeException: Could not resolve type alias 'org.boom.web.domain.User'.  Cause: java.lang.ClassNotFoundException: Cannot find class: org.boom.web.domain.User
	at org.apache.ibatis.builder.BaseBuilder.resolveClass(BaseBuilder.java:103)
	at org.apache.ibatis.builder.xml.XMLStatementBuilder.parseStatementNode(XMLStatementBuilder.java:66)
	at org.apache.ibatis.builder.xml.XMLMapperBuilder.buildStatementFromContext(XMLMapperBuilder.java:135)
	at org.apache.ibatis.builder.xml.XMLMapperBuilder.buildStatementFromContext(XMLMapperBuilder.java:128)
	at org.apache.ibatis.builder.xml.XMLMapperBuilder.configurationElement(XMLMapperBuilder.java:118)
	... 48 more
Caused by: org.apache.ibatis.type.TypeException: Could not resolve type alias 'org.boom.web.domain.User'.  Cause: java.lang.ClassNotFoundException: Cannot find class: org.boom.web.domain.User
	at org.apache.ibatis.type.TypeAliasRegistry.resolveAlias(TypeAliasRegistry.java:117)
	at org.apache.ibatis.builder.BaseBuilder.resolveAlias(BaseBuilder.java:130)
	at org.apache.ibatis.builder.BaseBuilder.resolveClass(BaseBuilder.java:101)
	... 52 more
Caused by: java.lang.ClassNotFoundException: Cannot find class: org.boom.web.domain.User
	at org.apache.ibatis.io.ClassLoaderWrapper.classForName(ClassLoaderWrapper.java:190)
	at org.apache.ibatis.io.ClassLoaderWrapper.classForName(ClassLoaderWrapper.java:89)
	at org.apache.ibatis.io.Resources.classForName(Resources.java:256)
	at org.apache.ibatis.type.TypeAliasRegistry.resolveAlias(TypeAliasRegistry.java:113)
	... 54 more
[INFO] [2014-08-22 10:25:16][org.springframework.beans.factory.xml.XmlBeanDefinitionReader]Loading XML bean definitions from class path resource [spring-mybatis.xml]
[INFO] [2014-08-22 10:25:16][org.springframework.context.support.GenericApplicationContext]Refreshing org.springframework.context.support.GenericApplicationContext@6cdd9e27: startup date [Fri Aug 22 10:25:16 CST 2014]; root of context hierarchy
[INFO] [2014-08-22 10:25:16][org.springframework.beans.factory.config.PropertyPlaceholderConfigurer]Loading properties file from class path resource [jdbc.properties]
[INFO] [2014-08-22 10:25:18][org.boom.share.manager.TestSpringWithMyBatis]{"age":24,"id":1,"password":"sfasgfaf","userName":"测试"}
[INFO] [2014-08-22 10:25:18][org.springframework.context.support.GenericApplicationContext]Closing org.springframework.context.support.GenericApplicationContext@6cdd9e27: startup date [Fri Aug 22 10:25:16 CST 2014]; root of context hierarchy
